5.12e+02,0.00e+00,9.25e-18,9.25e-18,1.34e-01,7.71e+02,4.62e+02
1.02e+03,0.00e+00,1.48e-02,1.48e-02,2.11e-02,7.71e+02,4.32e+02
1.54e+03,0.00e+00,1.50e-02,1.48e-02,2.87e-02,7.71e+02,4.21e+02
2.05e+03,0.00e+00,2.00e-02,1.48e-02,1.34e-01,7.71e+02,4.21e+02
2.56e+03,0.00e+00,3.18e-02,1.48e-02,1.46e-01,7.71e+02,4.21e+02
3.07e+03,-2.31e-18,2.40e-02,1.48e-02,1.46e-01,7.71e+02,4.21e+02
3.58e+03,2.83e-02,4.69e-02,1.48e-02,1.84e-01,7.73e+02,4.24e+02
4.10e+03,3.32e-02,5.51e-02,1.48e-02,1.39e-01,7.73e+02,4.23e+02
4.61e+03,2.17e-02,4.13e-02,1.48e-02,1.39e-01,7.73e+02,4.23e+02
5.12e+03,1.90e-02,3.27e-02,1.48e-02,1.39e-01,7.72e+02,4.23e+02
5.63e+03,1.40e-02,3.34e-02,1.48e-02,1.39e-01,7.72e+02,4.23e+02
6.14e+03,2.61e-02,4.98e-02,1.48e-02,1.39e-01,7.72e+02,4.23e+02
6.66e+03,8.32e-03,4.18e-02,1.48e-02,1.39e-01,7.73e+02,4.24e+02
7.17e+03,2.04e-02,5.88e-02,1.48e-02,1.57e-01,7.73e+02,4.23e+02
7.68e+03,2.52e-02,4.75e-02,1.48e-02,1.57e-01,7.73e+02,4.23e+02
8.19e+03,1.85e-02,5.96e-02,1.48e-02,1.63e-01,7.73e+02,4.24e+02
8.70e+03,3.19e-02,7.02e-02,1.48e-02,1.69e-01,7.74e+02,4.25e+02
9.22e+03,4.63e-02,7.73e-02,7.73e-02,1.74e-01,7.74e+02,4.25e+02
9.73e+03,4.00e-02,6.50e-02,7.73e-02,1.74e-01,7.74e+02,4.25e+02
1.02e+04,4.50e-02,7.52e-02,7.73e-02,1.74e-01,7.74e+02,4.25e+02
1.08e+04,4.48e-02,8.23e-02,7.73e-02,1.80e-01,7.74e+02,4.25e+02
1.13e+04,2.65e-02,5.20e-02,7.73e-02,1.80e-01,7.74e+02,4.25e+02
1.18e+04,3.73e-02,4.86e-02,7.73e-02,1.80e-01,7.77e+02,4.28e+02
1.23e+04,3.04e-02,4.34e-02,7.73e-02,1.80e-01,7.75e+02,4.26e+02
1.28e+04,4.39e-02,7.98e-02,7.73e-02,1.80e-01,7.75e+02,4.26e+02
1.33e+04,5.51e-02,6.94e-02,7.73e-02,1.80e-01,7.76e+02,4.28e+02
1.38e+04,5.62e-02,7.04e-02,7.73e-02,1.80e-01,7.75e+02,4.26e+02
1.43e+04,5.67e-02,7.40e-02,7.73e-02,1.80e-01,7.75e+02,4.26e+02
1.48e+04,3.86e-02,5.77e-02,7.73e-02,1.80e-01,7.74e+02,4.26e+02
1.54e+04,4.25e-02,6.38e-02,7.73e-02,1.80e-01,7.74e+02,4.25e+02
1.59e+04,4.43e-02,8.21e-02,7.73e-02,1.80e-01,7.74e+02,4.25e+02
1.64e+04,4.44e-02,6.91e-02,7.73e-02,1.80e-01,7.74e+02,4.25e+02
1.69e+04,4.88e-02,9.02e-02,7.73e-02,1.87e-01,7.74e+02,4.25e+02
1.74e+04,3.16e-02,6.94e-02,7.73e-02,1.74e-01,7.74e+02,4.25e+02
1.79e+04,3.78e-02,8.29e-02,8.29e-02,1.97e-01,7.73e+02,4.25e+02
1.84e+04,2.69e-02,6.77e-02,8.29e-02,1.97e-01,7.73e+02,4.25e+02
1.89e+04,6.20e-02,7.26e-02,8.29e-02,1.97e-01,7.75e+02,4.28e+02
1.95e+04,4.99e-02,6.59e-02,8.29e-02,1.97e-01,7.74e+02,4.27e+02
2.00e+04,6.70e-02,7.68e-02,8.29e-02,1.97e-01,7.77e+02,4.30e+02
2.05e+04,5.69e-02,6.88e-02,8.29e-02,1.97e-01,7.77e+02,4.31e+02
2.10e+04,6.36e-02,8.66e-02,8.66e-02,1.87e-01,7.77e+02,4.30e+02
2.15e+04,7.34e-02,9.35e-02,9.35e-02,2.36e-01,7.77e+02,4.30e+02
2.20e+04,6.81e-02,9.48e-02,9.48e-02,1.91e-01,7.77e+02,4.29e+02
2.25e+04,6.92e-02,8.46e-02,9.48e-02,1.91e-01,7.77e+02,4.30e+02
2.30e+04,5.78e-02,6.99e-02,9.48e-02,1.91e-01,7.77e+02,4.30e+02
2.36e+04,3.13e-02,5.87e-02,9.48e-02,1.91e-01,7.75e+02,4.28e+02
2.41e+04,5.58e-02,8.00e-02,9.48e-02,1.91e-01,7.76e+02,4.29e+02
2.46e+04,6.82e-02,1.03e-01,1.03e-01,2.20e-01,7.75e+02,4.27e+02
2.51e+04,9.11e-02,1.01e-01,1.03e-01,2.20e-01,7.79e+02,4.33e+02
2.56e+04,7.55e-02,8.63e-02,1.03e-01,2.20e-01,7.78e+02,4.32e+02
2.61e+04,5.91e-02,7.26e-02,1.03e-01,2.20e-01,7.79e+02,4.34e+02
2.66e+04,8.30e-02,9.23e-02,1.03e-01,2.20e-01,7.79e+02,4.34e+02
2.71e+04,7.15e-02,8.49e-02,1.03e-01,2.20e-01,7.79e+02,4.33e+02
2.76e+04,8.22e-02,9.37e-02,1.03e-01,2.20e-01,7.82e+02,4.37e+02
2.82e+04,8.25e-02,9.24e-02,1.03e-01,2.20e-01,7.80e+02,4.35e+02
2.87e+04,7.00e-02,9.00e-02,1.03e-01,2.20e-01,7.80e+02,4.34e+02
2.92e+04,8.81e-02,1.02e-01,1.03e-01,2.20e-01,7.81e+02,4.35e+02
2.97e+04,8.58e-02,9.90e-02,1.03e-01,2.20e-01,7.79e+02,4.34e+02
3.02e+04,7.27e-02,8.95e-02,1.03e-01,2.20e-01,7.80e+02,4.35e+02
3.07e+04,8.93e-02,1.03e-01,1.03e-01,2.32e-01,7.82e+02,4.37e+02
3.12e+04,8.40e-02,1.01e-01,1.03e-01,2.32e-01,7.82e+02,4.37e+02
3.17e+04,9.84e-02,1.09e-01,1.03e-01,2.59e-01,7.86e+02,4.43e+02
3.23e+04,9.57e-02,1.09e-01,1.03e-01,2.59e-01,7.85e+02,4.42e+02
3.28e+04,1.03e-01,1.14e-01,1.03e-01,2.49e-01,7.87e+02,4.45e+02
3.33e+04,9.85e-02,1.16e-01,1.03e-01,2.40e-01,7.87e+02,4.43e+02
3.38e+04,9.94e-02,1.13e-01,1.13e-01,2.39e-01,7.85e+02,4.43e+02
3.43e+04,1.04e-01,1.18e-01,1.18e-01,2.75e-01,7.86e+02,4.43e+02
3.48e+04,9.90e-02,1.19e-01,1.19e-01,2.64e-01,7.85e+02,4.42e+02
3.53e+04,1.11e-01,1.29e-01,1.29e-01,2.90e-01,7.88e+02,4.46e+02
3.58e+04,9.81e-02,1.11e-01,1.29e-01,2.90e-01,7.85e+02,4.43e+02
3.64e+04,1.03e-01,1.17e-01,1.29e-01,2.90e-01,7.85e+02,4.44e+02
3.69e+04,9.98e-02,1.16e-01,1.29e-01,2.90e-01,7.88e+02,4.46e+02
3.74e+04,1.04e-01,1.24e-01,1.29e-01,2.90e-01,7.89e+02,4.46e+02
3.79e+04,9.67e-02,1.10e-01,1.29e-01,2.90e-01,7.88e+02,4.46e+02
3.84e+04,8.90e-02,1.14e-01,1.29e-01,2.90e-01,7.85e+02,4.43e+02
3.89e+04,1.08e-01,1.21e-01,1.29e-01,2.90e-01,7.90e+02,4.47e+02
3.94e+04,1.15e-01,1.23e-01,1.29e-01,2.90e-01,7.92e+02,4.50e+02
3.99e+04,1.30e-01,1.43e-01,1.43e-01,3.02e-01,7.93e+02,4.50e+02
4.04e+04,1.13e-01,1.24e-01,1.43e-01,3.02e-01,7.93e+02,4.52e+02
4.10e+04,1.06e-01,1.16e-01,1.43e-01,3.02e-01,7.93e+02,4.51e+02
4.15e+04,1.07e-01,1.16e-01,1.43e-01,3.02e-01,7.93e+02,4.51e+02
4.20e+04,1.11e-01,1.23e-01,1.43e-01,3.02e-01,7.92e+02,4.51e+02
4.25e+04,1.18e-01,1.32e-01,1.43e-01,3.02e-01,7.92e+02,4.50e+02
4.30e+04,1.17e-01,1.30e-01,1.43e-01,3.02e-01,7.92e+02,4.50e+02
4.35e+04,9.58e-02,1.09e-01,1.43e-01,3.02e-01,7.92e+02,4.51e+02
4.40e+04,1.12e-01,1.23e-01,1.43e-01,3.02e-01,7.96e+02,4.56e+02
4.45e+04,9.88e-02,1.06e-01,1.43e-01,3.02e-01,7.96e+02,4.56e+02
4.51e+04,1.18e-01,1.27e-01,1.43e-01,3.02e-01,7.96e+02,4.57e+02
4.56e+04,1.27e-01,1.36e-01,1.43e-01,3.02e-01,7.96e+02,4.57e+02
4.61e+04,1.21e-01,1.29e-01,1.43e-01,3.02e-01,7.96e+02,4.56e+02
4.66e+04,1.10e-01,1.21e-01,1.43e-01,3.02e-01,7.96e+02,4.56e+02
4.71e+04,1.19e-01,1.30e-01,1.43e-01,3.02e-01,7.97e+02,4.57e+02
4.76e+04,1.23e-01,1.36e-01,1.43e-01,3.02e-01,7.97e+02,4.57e+02
4.81e+04,9.67e-02,1.07e-01,1.43e-01,3.02e-01,7.98e+02,4.59e+02
4.86e+04,1.16e-01,1.23e-01,1.43e-01,3.02e-01,7.97e+02,4.57e+02
4.92e+04,1.03e-01,1.13e-01,1.43e-01,3.02e-01,7.97e+02,4.57e+02
4.97e+04,1.23e-01,1.39e-01,1.43e-01,3.02e-01,7.96e+02,4.57e+02
5.02e+04,1.17e-01,1.25e-01,1.43e-01,3.02e-01,7.97e+02,4.58e+02
5.07e+04,1.05e-01,1.12e-01,1.43e-01,3.02e-01,7.96e+02,4.56e+02
5.12e+04,1.10e-01,1.20e-01,1.43e-01,3.02e-01,7.96e+02,4.57e+02
5.17e+04,1.23e-01,1.34e-01,1.43e-01,3.02e-01,7.98e+02,4.59e+02
5.22e+04,1.16e-01,1.25e-01,1.43e-01,3.02e-01,7.96e+02,4.57e+02
5.27e+04,1.06e-01,1.17e-01,1.43e-01,3.02e-01,7.96e+02,4.57e+02
5.32e+04,1.19e-01,1.32e-01,1.43e-01,3.02e-01,7.96e+02,4.56e+02
5.38e+04,1.15e-01,1.32e-01,1.43e-01,3.02e-01,7.97e+02,4.56e+02
5.43e+04,1.37e-01,1.46e-01,1.46e-01,3.25e-01,7.97e+02,4.59e+02
5.48e+04,9.98e-02,1.10e-01,1.46e-01,3.25e-01,7.96e+02,4.57e+02
5.53e+04,1.15e-01,1.25e-01,1.46e-01,3.25e-01,7.97e+02,4.60e+02
5.58e+04,1.05e-01,1.18e-01,1.46e-01,3.25e-01,7.99e+02,4.62e+02
5.63e+04,1.15e-01,1.26e-01,1.46e-01,3.25e-01,7.97e+02,4.58e+02
5.68e+04,1.17e-01,1.27e-01,1.46e-01,3.25e-01,7.97e+02,4.57e+02
5.73e+04,1.01e-01,1.18e-01,1.46e-01,3.25e-01,7.96e+02,4.57e+02
5.79e+04,1.28e-01,1.42e-01,1.46e-01,3.25e-01,7.97e+02,4.58e+02
5.84e+04,1.13e-01,1.22e-01,1.46e-01,3.25e-01,8.06e+02,4.69e+02
5.89e+04,1.29e-01,1.37e-01,1.46e-01,3.25e-01,8.07e+02,4.69e+02
5.94e+04,8.69e-02,9.39e-02,1.46e-01,3.25e-01,8.07e+02,4.69e+02
5.99e+04,1.06e-01,1.15e-01,1.46e-01,3.25e-01,8.07e+02,4.69e+02
6.04e+04,1.22e-01,1.37e-01,1.46e-01,3.25e-01,8.06e+02,4.69e+02
6.09e+04,1.36e-01,1.46e-01,1.46e-01,3.25e-01,8.07e+02,4.72e+02
6.14e+04,1.14e-01,1.25e-01,1.46e-01,3.25e-01,8.07e+02,4.70e+02
6.20e+04,1.36e-01,1.45e-01,1.46e-01,3.25e-01,8.06e+02,4.69e+02
6.25e+04,1.09e-01,1.21e-01,1.46e-01,3.25e-01,8.06e+02,4.70e+02
6.30e+04,1.28e-01,1.35e-01,1.46e-01,3.25e-01,8.06e+02,4.70e+02
6.35e+04,1.40e-01,1.50e-01,1.50e-01,3.22e-01,8.06e+02,4.69e+02
6.40e+04,1.37e-01,1.51e-01,1.51e-01,3.14e-01,8.06e+02,4.69e+02
6.45e+04,1.28e-01,1.42e-01,1.51e-01,3.14e-01,8.07e+02,4.70e+02
6.50e+04,1.27e-01,1.37e-01,1.51e-01,3.14e-01,8.07e+02,4.74e+02
6.55e+04,1.16e-01,1.30e-01,1.51e-01,3.14e-01,8.06e+02,4.72e+02
6.60e+04,1.21e-01,1.36e-01,1.51e-01,3.14e-01,8.07e+02,4.73e+02
6.66e+04,1.36e-01,1.45e-01,1.51e-01,3.14e-01,8.07e+02,4.74e+02
6.71e+04,1.30e-01,1.45e-01,1.51e-01,3.14e-01,8.08e+02,4.79e+02
6.76e+04,1.26e-01,1.37e-01,1.51e-01,3.14e-01,8.08e+02,4.74e+02
6.81e+04,1.32e-01,1.48e-01,1.51e-01,3.14e-01,8.09e+02,4.79e+02
6.86e+04,1.28e-01,1.38e-01,1.51e-01,3.14e-01,8.09e+02,4.76e+02
6.91e+04,1.16e-01,1.36e-01,1.51e-01,3.14e-01,8.08e+02,4.74e+02
6.96e+04,1.36e-01,1.47e-01,1.51e-01,3.14e-01,8.09e+02,4.78e+02
7.01e+04,1.38e-01,1.54e-01,1.54e-01,3.37e-01,8.09e+02,4.77e+02
7.07e+04,1.16e-01,1.28e-01,1.54e-01,3.37e-01,8.08e+02,4.75e+02
7.12e+04,1.21e-01,1.32e-01,1.54e-01,3.37e-01,8.08e+02,4.76e+02
7.17e+04,1.13e-01,1.29e-01,1.54e-01,3.37e-01,8.08e+02,4.76e+02
7.22e+04,1.32e-01,1.46e-01,1.54e-01,3.37e-01,8.09e+02,4.76e+02
7.27e+04,1.41e-01,1.52e-01,1.54e-01,3.37e-01,8.09e+02,4.82e+02
7.32e+04,1.32e-01,1.45e-01,1.54e-01,3.37e-01,8.09e+02,4.83e+02
7.37e+04,1.37e-01,1.51e-01,1.54e-01,3.37e-01,8.09e+02,4.75e+02
7.42e+04,1.20e-01,1.34e-01,1.54e-01,3.37e-01,8.09e+02,4.76e+02
7.48e+04,1.22e-01,1.35e-01,1.54e-01,3.37e-01,8.09e+02,4.81e+02
7.53e+04,1.26e-01,1.38e-01,1.54e-01,3.37e-01,8.09e+02,4.83e+02
7.58e+04,1.25e-01,1.37e-01,1.54e-01,3.37e-01,8.09e+02,4.84e+02
7.63e+04,1.25e-01,1.33e-01,1.54e-01,3.37e-01,8.08e+02,4.76e+02
7.68e+04,1.23e-01,1.38e-01,1.54e-01,3.37e-01,8.08e+02,4.76e+02
7.73e+04,1.32e-01,1.46e-01,1.54e-01,3.37e-01,8.09e+02,4.80e+02
7.78e+04,1.18e-01,1.26e-01,1.54e-01,3.37e-01,8.10e+02,4.86e+02
7.83e+04,1.35e-01,1.43e-01,1.54e-01,3.37e-01,8.09e+02,4.78e+02
7.88e+04,1.16e-01,1.35e-01,1.54e-01,3.37e-01,8.09e+02,4.78e+02
7.94e+04,1.32e-01,1.47e-01,1.54e-01,3.37e-01,8.10e+02,4.80e+02
7.99e+04,1.22e-01,1.36e-01,1.54e-01,3.37e-01,8.09e+02,4.80e+02
8.04e+04,1.32e-01,1.46e-01,1.54e-01,3.37e-01,8.10e+02,4.82e+02
8.09e+04,1.23e-01,1.33e-01,1.54e-01,3.37e-01,8.10e+02,4.83e+02
8.14e+04,1.25e-01,1.36e-01,1.54e-01,3.37e-01,8.09e+02,4.80e+02
8.19e+04,1.27e-01,1.37e-01,1.54e-01,3.37e-01,8.10e+02,4.86e+02
8.24e+04,1.40e-01,1.58e-01,1.54e-01,3.20e-01,8.09e+02,4.84e+02
8.29e+04,1.39e-01,1.49e-01,1.54e-01,3.37e-01,8.10e+02,4.89e+02
8.35e+04,1.26e-01,1.38e-01,1.54e-01,3.37e-01,8.10e+02,4.87e+02
8.40e+04,1.19e-01,1.34e-01,1.54e-01,3.37e-01,8.09e+02,4.85e+02
8.45e+04,1.33e-01,1.49e-01,1.54e-01,3.37e-01,8.10e+02,4.85e+02
8.50e+04,1.30e-01,1.47e-01,1.54e-01,3.37e-01,8.10e+02,4.78e+02
8.55e+04,1.44e-01,1.61e-01,1.61e-01,3.35e-01,8.10e+02,4.88e+02
8.60e+04,1.45e-01,1.56e-01,1.61e-01,3.35e-01,8.11e+02,4.87e+02
8.65e+04,1.43e-01,1.51e-01,1.61e-01,3.35e-01,8.10e+02,4.87e+02
8.70e+04,1.34e-01,1.45e-01,1.61e-01,3.35e-01,8.11e+02,4.87e+02
8.76e+04,1.36e-01,1.50e-01,1.61e-01,3.35e-01,8.10e+02,4.86e+02
8.81e+04,1.22e-01,1.29e-01,1.61e-01,3.35e-01,8.10e+02,4.92e+02
8.86e+04,1.20e-01,1.33e-01,1.61e-01,3.35e-01,8.10e+02,4.91e+02
8.91e+04,1.38e-01,1.49e-01,1.61e-01,3.35e-01,8.10e+02,4.88e+02
8.96e+04,1.33e-01,1.44e-01,1.61e-01,3.35e-01,8.10e+02,4.87e+02
9.01e+04,1.51e-01,1.70e-01,1.70e-01,3.74e-01,8.10e+02,4.87e+02
9.06e+04,1.51e-01,1.64e-01,1.70e-01,3.74e-01,8.10e+02,4.88e+02
9.11e+04,1.45e-01,1.57e-01,1.70e-01,3.74e-01,8.12e+02,4.88e+02
9.16e+04,1.45e-01,1.59e-01,1.70e-01,3.74e-01,8.12e+02,4.88e+02
9.22e+04,1.40e-01,1.48e-01,1.70e-01,3.74e-01,8.12e+02,4.89e+02
9.27e+04,1.39e-01,1.48e-01,1.70e-01,3.74e-01,8.14e+02,4.91e+02
9.32e+04,1.23e-01,1.30e-01,1.70e-01,3.74e-01,8.14e+02,4.90e+02
9.37e+04,1.54e-01,1.62e-01,1.70e-01,3.74e-01,8.13e+02,4.89e+02
9.42e+04,1.56e-01,1.68e-01,1.70e-01,3.74e-01,8.13e+02,4.89e+02
9.47e+04,1.32e-01,1.40e-01,1.70e-01,3.74e-01,8.14e+02,4.89e+02
9.52e+04,1.57e-01,1.68e-01,1.70e-01,3.74e-01,8.14e+02,4.90e+02
9.57e+04,1.38e-01,1.47e-01,1.70e-01,3.74e-01,8.15e+02,4.90e+02
9.63e+04,1.43e-01,1.55e-01,1.70e-01,3.74e-01,8.14e+02,4.90e+02
9.68e+04,1.35e-01,1.44e-01,1.70e-01,3.74e-01,8.13e+02,4.90e+02
9.73e+04,1.37e-01,1.47e-01,1.70e-01,3.74e-01,8.13e+02,4.89e+02
9.78e+04,1.22e-01,1.38e-01,1.70e-01,3.74e-01,8.13e+02,4.90e+02
9.83e+04,1.62e-01,1.71e-01,1.71e-01,3.50e-01,8.15e+02,4.91e+02
9.88e+04,1.52e-01,1.62e-01,1.71e-01,3.50e-01,8.13e+02,4.90e+02
9.93e+04,1.56e-01,1.70e-01,1.71e-01,3.50e-01,8.14e+02,4.91e+02
9.98e+04,1.44e-01,1.55e-01,1.71e-01,3.50e-01,8.14e+02,4.90e+02
1.00e+05,1.45e-01,1.57e-01,1.71e-01,3.50e-01,8.15e+02,4.93e+02
1.01e+05,1.30e-01,1.42e-01,1.71e-01,3.50e-01,8.14e+02,4.89e+02
1.01e+05,1.57e-01,1.68e-01,1.71e-01,3.50e-01,8.14e+02,4.90e+02
1.02e+05,1.41e-01,1.51e-01,1.71e-01,3.50e-01,8.13e+02,4.90e+02
1.02e+05,1.36e-01,1.47e-01,1.71e-01,3.50e-01,8.12e+02,4.88e+02
1.03e+05,1.51e-01,1.60e-01,1.71e-01,3.50e-01,8.15e+02,4.92e+02
1.03e+05,1.28e-01,1.40e-01,1.71e-01,3.50e-01,8.13e+02,4.89e+02
1.04e+05,1.32e-01,1.40e-01,1.71e-01,3.50e-01,8.12e+02,4.88e+02
1.04e+05,1.46e-01,1.53e-01,1.71e-01,3.50e-01,8.13e+02,4.89e+02
1.05e+05,1.37e-01,1.45e-01,1.71e-01,3.50e-01,8.13e+02,4.89e+02
1.05e+05,1.30e-01,1.37e-01,1.71e-01,3.50e-01,8.12e+02,4.89e+02
1.06e+05,1.34e-01,1.43e-01,1.71e-01,3.50e-01,8.13e+02,4.88e+02
1.06e+05,1.30e-01,1.35e-01,1.71e-01,3.50e-01,8.12e+02,4.89e+02
1.07e+05,1.39e-01,1.46e-01,1.71e-01,3.50e-01,8.13e+02,4.89e+02
1.08e+05,1.43e-01,1.51e-01,1.71e-01,3.50e-01,8.12e+02,4.89e+02
1.08e+05,1.57e-01,1.66e-01,1.71e-01,3.50e-01,8.13e+02,4.89e+02
1.09e+05,1.52e-01,1.63e-01,1.71e-01,3.50e-01,8.12e+02,4.88e+02
1.09e+05,1.48e-01,1.58e-01,1.71e-01,3.50e-01,8.12e+02,4.88e+02
1.10e+05,1.55e-01,1.63e-01,1.71e-01,3.50e-01,8.12e+02,4.89e+02
1.10e+05,1.41e-01,1.50e-01,1.71e-01,3.50e-01,8.12e+02,4.90e+02
1.11e+05,1.45e-01,1.55e-01,1.71e-01,3.50e-01,8.12e+02,4.90e+02
1.11e+05,1.51e-01,1.60e-01,1.71e-01,3.50e-01,8.12e+02,4.89e+02
1.12e+05,1.37e-01,1.47e-01,1.71e-01,3.50e-01,8.13e+02,4.92e+02
1.12e+05,1.32e-01,1.42e-01,1.71e-01,3.50e-01,8.12e+02,4.92e+02
1.13e+05,1.44e-01,1.51e-01,1.71e-01,3.50e-01,8.12e+02,4.90e+02
1.13e+05,1.47e-01,1.55e-01,1.71e-01,3.50e-01,8.12e+02,4.89e+02
1.14e+05,1.34e-01,1.45e-01,1.71e-01,3.50e-01,8.12e+02,4.89e+02
1.14e+05,1.24e-01,1.34e-01,1.71e-01,3.50e-01,8.12e+02,4.90e+02
1.15e+05,1.44e-01,1.53e-01,1.71e-01,3.50e-01,8.12e+02,4.90e+02
1.15e+05,1.48e-01,1.57e-01,1.71e-01,3.50e-01,8.12e+02,4.90e+02
1.16e+05,1.41e-01,1.50e-01,1.71e-01,3.50e-01,8.12e+02,4.90e+02
1.16e+05,1.46e-01,1.55e-01,1.71e-01,3.50e-01,8.12e+02,4.94e+02
1.17e+05,1.50e-01,1.61e-01,1.71e-01,3.50e-01,8.12e+02,4.96e+02
1.17e+05,1.26e-01,1.35e-01,1.71e-01,3.50e-01,8.12e+02,4.94e+02
1.18e+05,1.38e-01,1.46e-01,1.71e-01,3.50e-01,8.13e+02,4.96e+02
1.18e+05,1.41e-01,1.50e-01,1.71e-01,3.50e-01,8.12e+02,4.93e+02
1.19e+05,1.34e-01,1.45e-01,1.71e-01,3.50e-01,8.13e+02,4.93e+02
1.19e+05,1.35e-01,1.46e-01,1.71e-01,3.50e-01,8.13e+02,4.93e+02
1.20e+05,1.43e-01,1.56e-01,1.71e-01,3.50e-01,8.13e+02,4.91e+02
1.20e+05,1.31e-01,1.42e-01,1.71e-01,3.50e-01,8.13e+02,4.91e+02
1.21e+05,1.31e-01,1.44e-01,1.71e-01,3.50e-01,8.13e+02,4.91e+02
1.21e+05,1.49e-01,1.58e-01,1.71e-01,3.50e-01,8.14e+02,4.94e+02
1.22e+05,1.26e-01,1.37e-01,1.71e-01,3.50e-01,8.14e+02,4.92e+02
1.22e+05,1.39e-01,1.53e-01,1.71e-01,3.50e-01,8.14e+02,4.92e+02
1.23e+05,1.43e-01,1.55e-01,1.71e-01,3.50e-01,8.14e+02,4.97e+02
1.23e+05,1.32e-01,1.45e-01,1.71e-01,3.50e-01,8.14e+02,4.96e+02
1.24e+05,1.33e-01,1.44e-01,1.71e-01,3.50e-01,8.14e+02,4.96e+02
1.24e+05,1.33e-01,1.42e-01,1.71e-01,3.50e-01,8.14e+02,4.89e+02
1.25e+05,1.37e-01,1.50e-01,1.71e-01,3.50e-01,8.13e+02,4.90e+02
1.25e+05,1.44e-01,1.57e-01,1.71e-01,3.50e-01,8.14e+02,4.90e+02
1.26e+05,1.35e-01,1.46e-01,1.71e-01,3.50e-01,8.15e+02,4.97e+02
1.26e+05,1.29e-01,1.38e-01,1.71e-01,3.50e-01,8.14e+02,4.91e+02
1.27e+05,1.52e-01,1.64e-01,1.71e-01,3.50e-01,8.15e+02,4.97e+02
1.27e+05,1.43e-01,1.51e-01,1.71e-01,3.50e-01,8.14e+02,4.95e+02
1.28e+05,1.31e-01,1.45e-01,1.71e-01,3.50e-01,8.14e+02,4.90e+02
1.29e+05,1.58e-01,1.70e-01,1.71e-01,3.50e-01,8.14e+02,4.95e+02
1.29e+05,1.55e-01,1.61e-01,1.71e-01,3.50e-01,8.13e+02,4.89e+02
1.30e+05,1.36e-01,1.43e-01,1.71e-01,3.50e-01,8.14e+02,4.90e+02
1.30e+05,1.32e-01,1.42e-01,1.71e-01,3.50e-01,8.14e+02,4.89e+02
1.31e+05,1.41e-01,1.53e-01,1.71e-01,3.50e-01,8.14e+02,4.90e+02
1.31e+05,1.46e-01,1.57e-01,1.71e-01,3.50e-01,8.14e+02,4.92e+02
1.32e+05,1.44e-01,1.56e-01,1.71e-01,3.50e-01,8.14e+02,4.90e+02
1.32e+05,1.32e-01,1.42e-01,1.71e-01,3.50e-01,8.14e+02,4.95e+02
1.33e+05,1.51e-01,1.61e-01,1.71e-01,3.50e-01,8.14e+02,4.93e+02
1.33e+05,1.34e-01,1.48e-01,1.71e-01,3.50e-01,8.14e+02,4.91e+02
1.34e+05,1.37e-01,1.50e-01,1.71e-01,3.50e-01,8.14e+02,4.91e+02
1.34e+05,1.35e-01,1.45e-01,1.71e-01,3.50e-01,8.14e+02,4.92e+02
1.35e+05,1.39e-01,1.47e-01,1.71e-01,3.50e-01,8.14e+02,4.90e+02
1.35e+05,1.54e-01,1.64e-01,1.71e-01,3.50e-01,8.14e+02,4.90e+02
1.36e+05,1.31e-01,1.40e-01,1.71e-01,3.50e-01,8.14e+02,4.91e+02
1.36e+05,1.34e-01,1.43e-01,1.71e-01,3.50e-01,8.15e+02,4.96e+02
1.37e+05,1.42e-01,1.54e-01,1.71e-01,3.50e-01,8.15e+02,4.93e+02
1.37e+05,1.45e-01,1.52e-01,1.71e-01,3.50e-01,8.15e+02,4.93e+02
1.38e+05,1.43e-01,1.54e-01,1.71e-01,3.50e-01,8.14e+02,4.92e+02
1.38e+05,1.30e-01,1.41e-01,1.71e-01,3.50e-01,8.14e+02,4.96e+02
1.39e+05,1.55e-01,1.68e-01,1.71e-01,3.50e-01,8.15e+02,4.99e+02
1.39e+05,1.34e-01,1.49e-01,1.71e-01,3.50e-01,8.15e+02,4.92e+02
1.40e+05,1.44e-01,1.51e-01,1.71e-01,3.50e-01,8.15e+02,4.94e+02
1.40e+05,1.25e-01,1.36e-01,1.71e-01,3.50e-01,8.15e+02,4.93e+02
1.41e+05,1.38e-01,1.47e-01,1.71e-01,3.50e-01,8.15e+02,4.98e+02
1.41e+05,1.35e-01,1.46e-01,1.71e-01,3.50e-01,8.15e+02,4.93e+02
1.42e+05,1.44e-01,1.55e-01,1.71e-01,3.50e-01,8.15e+02,4.92e+02
1.42e+05,1.40e-01,1.49e-01,1.71e-01,3.50e-01,8.15e+02,4.93e+02
1.43e+05,1.35e-01,1.45e-01,1.71e-01,3.50e-01,8.15e+02,4.92e+02
1.43e+05,1.45e-01,1.56e-01,1.71e-01,3.50e-01,8.15e+02,4.92e+02
1.44e+05,1.30e-01,1.39e-01,1.71e-01,3.50e-01,8.15e+02,4.92e+02
1.44e+05,1.53e-01,1.62e-01,1.71e-01,3.50e-01,8.15e+02,4.93e+02
1.45e+05,1.18e-01,1.32e-01,1.71e-01,3.50e-01,8.15e+02,4.93e+02
1.45e+05,1.56e-01,1.71e-01,1.71e-01,3.42e-01,8.15e+02,4.92e+02
1.46e+05,1.32e-01,1.43e-01,1.71e-01,3.42e-01,8.15e+02,4.93e+02
1.46e+05,1.17e-01,1.29e-01,1.71e-01,3.42e-01,8.15e+02,4.93e+02
1.47e+05,1.27e-01,1.37e-01,1.71e-01,3.42e-01,8.15e+02,4.92e+02
1.47e+05,1.50e-01,1.60e-01,1.71e-01,3.42e-01,8.16e+02,4.93e+02
1.48e+05,1.48e-01,1.56e-01,1.71e-01,3.42e-01,8.17e+02,4.96e+02
1.48e+05,1.50e-01,1.59e-01,1.71e-01,3.42e-01,8.16e+02,4.95e+02
1.49e+05,1.44e-01,1.53e-01,1.71e-01,3.42e-01,8.15e+02,4.91e+02
1.50e+05,1.41e-01,1.52e-01,1.71e-01,3.42e-01,8.15e+02,4.91e+02
1.50e+05,1.55e-01,1.64e-01,1.71e-01,3.42e-01,8.15e+02,4.92e+02
1.51e+05,1.34e-01,1.47e-01,1.71e-01,3.42e-01,8.15e+02,4.92e+02
1.51e+05,1.22e-01,1.34e-01,1.71e-01,3.42e-01,8.15e+02,4.93e+02
1.52e+05,1.49e-01,1.61e-01,1.71e-01,3.42e-01,8.15e+02,4.92e+02
1.52e+05,1.43e-01,1.51e-01,1.71e-01,3.42e-01,8.15e+02,4.92e+02
1.53e+05,1.57e-01,1.68e-01,1.71e-01,3.42e-01,8.15e+02,4.93e+02
1.53e+05,1.40e-01,1.49e-01,1.71e-01,3.42e-01,8.15e+02,4.92e+02
1.54e+05,1.49e-01,1.58e-01,1.71e-01,3.42e-01,8.15e+02,4.92e+02
1.54e+05,1.49e-01,1.58e-01,1.71e-01,3.42e-01,8.16e+02,4.93e+02
1.55e+05,1.35e-01,1.44e-01,1.71e-01,3.42e-01,8.16e+02,4.93e+02
1.55e+05,1.17e-01,1.29e-01,1.71e-01,3.42e-01,8.16e+02,4.93e+02
1.56e+05,1.30e-01,1.42e-01,1.71e-01,3.42e-01,8.16e+02,4.94e+02
1.56e+05,1.36e-01,1.47e-01,1.71e-01,3.42e-01,8.17e+02,4.95e+02
1.57e+05,1.52e-01,1.64e-01,1.71e-01,3.42e-01,8.17e+02,4.95e+02
1.57e+05,1.50e-01,1.61e-01,1.71e-01,3.42e-01,8.17e+02,4.95e+02
1.58e+05,1.36e-01,1.46e-01,1.71e-01,3.42e-01,8.16e+02,4.94e+02
1.58e+05,1.46e-01,1.54e-01,1.71e-01,3.42e-01,8.17e+02,4.96e+02
1.59e+05,1.42e-01,1.52e-01,1.71e-01,3.42e-01,8.15e+02,4.92e+02
1.59e+05,1.41e-01,1.54e-01,1.71e-01,3.42e-01,8.15e+02,4.92e+02
1.60e+05,1.48e-01,1.57e-01,1.71e-01,3.42e-01,8.16e+02,4.92e+02
1.60e+05,1.27e-01,1.36e-01,1.71e-01,3.42e-01,8.15e+02,4.92e+02
1.61e+05,1.42e-01,1.55e-01,1.71e-01,3.42e-01,8.15e+02,4.92e+02
1.61e+05,1.35e-01,1.44e-01,1.71e-01,3.42e-01,8.15e+02,4.92e+02
1.62e+05,1.60e-01,1.70e-01,1.71e-01,3.42e-01,8.15e+02,4.92e+02
1.62e+05,1.56e-01,1.66e-01,1.71e-01,3.42e-01,8.15e+02,4.91e+02
1.63e+05,1.44e-01,1.54e-01,1.71e-01,3.42e-01,8.15e+02,4.92e+02
1.63e+05,1.52e-01,1.60e-01,1.71e-01,3.42e-01,8.15e+02,4.93e+02
1.64e+05,1.37e-01,1.49e-01,1.71e-01,3.42e-01,8.15e+02,4.92e+02
1.64e+05,1.44e-01,1.54e-01,1.71e-01,3.42e-01,8.15e+02,4.92e+02
1.65e+05,1.39e-01,1.51e-01,1.71e-01,3.42e-01,8.15e+02,4.92e+02
1.65e+05,1.40e-01,1.50e-01,1.71e-01,3.42e-01,8.15e+02,4.92e+02
1.66e+05,1.45e-01,1.56e-01,1.71e-01,3.42e-01,8.15e+02,4.93e+02
1.66e+05,1.49e-01,1.59e-01,1.71e-01,3.42e-01,8.15e+02,4.92e+02
1.67e+05,1.34e-01,1.42e-01,1.71e-01,3.42e-01,8.15e+02,4.91e+02
1.67e+05,1.44e-01,1.55e-01,1.71e-01,3.42e-01,8.15e+02,4.92e+02
1.68e+05,1.42e-01,1.54e-01,1.71e-01,3.42e-01,8.15e+02,4.91e+02
1.68e+05,1.34e-01,1.46e-01,1.71e-01,3.42e-01,8.15e+02,4.92e+02
1.69e+05,1.47e-01,1.55e-01,1.71e-01,3.42e-01,8.15e+02,4.92e+02
1.69e+05,1.20e-01,1.33e-01,1.71e-01,3.42e-01,8.15e+02,4.92e+02
1.70e+05,1.55e-01,1.66e-01,1.71e-01,3.42e-01,8.15e+02,4.92e+02
1.70e+05,1.33e-01,1.42e-01,1.71e-01,3.42e-01,8.15e+02,4.92e+02
1.71e+05,1.36e-01,1.48e-01,1.71e-01,3.42e-01,8.15e+02,4.92e+02
1.72e+05,1.54e-01,1.63e-01,1.71e-01,3.42e-01,8.15e+02,4.92e+02
1.72e+05,1.28e-01,1.40e-01,1.71e-01,3.42e-01,8.15e+02,4.92e+02
1.73e+05,1.34e-01,1.45e-01,1.71e-01,3.42e-01,8.15e+02,4.93e+02
1.73e+05,1.33e-01,1.47e-01,1.71e-01,3.42e-01,8.15e+02,4.93e+02
1.74e+05,1.36e-01,1.50e-01,1.71e-01,3.42e-01,8.16e+02,4.97e+02
1.74e+05,1.59e-01,1.70e-01,1.71e-01,3.42e-01,8.17e+02,4.98e+02
1.75e+05,1.45e-01,1.55e-01,1.71e-01,3.42e-01,8.16e+02,4.97e+02
1.75e+05,1.47e-01,1.61e-01,1.71e-01,3.42e-01,8.16e+02,4.97e+02
1.76e+05,1.45e-01,1.55e-01,1.71e-01,3.42e-01,8.16e+02,4.97e+02
1.76e+05,1.55e-01,1.65e-01,1.71e-01,3.42e-01,8.16e+02,4.97e+02
1.77e+05,1.29e-01,1.39e-01,1.71e-01,3.42e-01,8.16e+02,4.95e+02
1.77e+05,1.33e-01,1.42e-01,1.71e-01,3.42e-01,8.17e+02,4.99e+02
1.78e+05,1.40e-01,1.51e-01,1.71e-01,3.42e-01,8.17e+02,4.95e+02
1.78e+05,1.50e-01,1.61e-01,1.71e-01,3.42e-01,8.17e+02,4.99e+02
1.79e+05,1.52e-01,1.63e-01,1.71e-01,3.42e-01,8.16e+02,4.95e+02
1.79e+05,1.55e-01,1.67e-01,1.71e-01,3.42e-01,8.17e+02,4.96e+02
1.80e+05,1.35e-01,1.48e-01,1.71e-01,3.42e-01,8.17e+02,4.97e+02
1.80e+05,1.39e-01,1.48e-01,1.71e-01,3.42e-01,8.19e+02,5.05e+02
1.81e+05,1.49e-01,1.58e-01,1.71e-01,3.42e-01,8.19e+02,5.04e+02
1.81e+05,1.44e-01,1.52e-01,1.71e-01,3.42e-01,8.18e+02,5.05e+02
1.82e+05,1.42e-01,1.50e-01,1.71e-01,3.42e-01,8.18e+02,5.04e+02
1.82e+05,1.35e-01,1.42e-01,1.71e-01,3.42e-01,8.18e+02,5.04e+02
1.83e+05,1.55e-01,1.64e-01,1.71e-01,3.42e-01,8.18e+02,5.04e+02
1.83e+05,1.56e-01,1.66e-01,1.71e-01,3.42e-01,8.19e+02,5.05e+02
1.84e+05,1.56e-01,1.66e-01,1.71e-01,3.42e-01,8.19e+02,5.04e+02
1.84e+05,1.51e-01,1.58e-01,1.71e-01,3.42e-01,8.19e+02,5.04e+02
1.85e+05,1.40e-01,1.50e-01,1.71e-01,3.42e-01,8.19e+02,5.03e+02
1.85e+05,1.41e-01,1.56e-01,1.71e-01,3.42e-01,8.19e+02,5.04e+02
1.86e+05,1.56e-01,1.63e-01,1.71e-01,3.42e-01,8.18e+02,5.03e+02
1.86e+05,1.36e-01,1.44e-01,1.71e-01,3.42e-01,8.18e+02,5.03e+02
1.87e+05,1.47e-01,1.57e-01,1.71e-01,3.42e-01,8.19e+02,5.04e+02
1.87e+05,1.52e-01,1.61e-01,1.71e-01,3.42e-01,8.19e+02,5.03e+02
1.88e+05,1.40e-01,1.47e-01,1.71e-01,3.42e-01,8.19e+02,5.04e+02
1.88e+05,1.52e-01,1.58e-01,1.71e-01,3.42e-01,8.18e+02,5.05e+02
1.89e+05,1.47e-01,1.57e-01,1.71e-01,3.42e-01,8.19e+02,5.05e+02
1.89e+05,1.51e-01,1.60e-01,1.71e-01,3.42e-01,8.19e+02,5.05e+02
1.90e+05,1.26e-01,1.37e-01,1.71e-01,3.42e-01,8.19e+02,5.04e+02
1.90e+05,1.38e-01,1.46e-01,1.71e-01,3.42e-01,8.19e+02,5.04e+02
1.91e+05,1.59e-01,1.66e-01,1.71e-01,3.42e-01,8.18e+02,5.04e+02
1.91e+05,1.33e-01,1.42e-01,1.71e-01,3.42e-01,8.19e+02,5.06e+02
1.92e+05,1.50e-01,1.62e-01,1.71e-01,3.42e-01,8.19e+02,5.04e+02
1.93e+05,1.41e-01,1.53e-01,1.71e-01,3.42e-01,8.19e+02,5.05e+02
1.93e+05,1.49e-01,1.58e-01,1.71e-01,3.42e-01,8.19e+02,5.04e+02
1.94e+05,1.56e-01,1.68e-01,1.71e-01,3.42e-01,8.19e+02,5.04e+02
1.94e+05,1.45e-01,1.57e-01,1.71e-01,3.42e-01,8.20e+02,5.07e+02
1.95e+05,1.48e-01,1.57e-01,1.71e-01,3.42e-01,8.19e+02,5.05e+02
1.95e+05,1.43e-01,1.53e-01,1.71e-01,3.42e-01,8.19e+02,5.04e+02
1.96e+05,1.41e-01,1.51e-01,1.71e-01,3.42e-01,8.19e+02,5.05e+02
1.96e+05,1.52e-01,1.61e-01,1.71e-01,3.42e-01,8.20e+02,5.05e+02
1.97e+05,1.47e-01,1.55e-01,1.71e-01,3.42e-01,8.20e+02,5.07e+02
1.97e+05,1.46e-01,1.55e-01,1.71e-01,3.42e-01,8.20e+02,5.05e+02
1.98e+05,1.33e-01,1.42e-01,1.71e-01,3.42e-01,8.20e+02,5.05e+02
1.98e+05,1.46e-01,1.56e-01,1.71e-01,3.42e-01,8.21e+02,5.07e+02
1.99e+05,1.61e-01,1.71e-01,1.71e-01,3.42e-01,8.20e+02,5.06e+02
1.99e+05,1.42e-01,1.55e-01,1.71e-01,3.42e-01,8.19e+02,5.05e+02
2.00e+05,1.64e-01,1.73e-01,1.73e-01,3.68e-01,8.20e+02,5.07e+02
2.00e+05,1.40e-01,1.53e-01,1.73e-01,3.68e-01,8.19e+02,5.05e+02
2.01e+05,1.45e-01,1.54e-01,1.73e-01,3.68e-01,8.19e+02,5.05e+02
2.01e+05,1.61e-01,1.72e-01,1.73e-01,3.68e-01,8.19e+02,5.06e+02
2.02e+05,1.55e-01,1.65e-01,1.73e-01,3.68e-01,8.20e+02,5.08e+02
2.02e+05,1.41e-01,1.53e-01,1.73e-01,3.68e-01,8.20e+02,5.07e+02
2.03e+05,1.38e-01,1.51e-01,1.73e-01,3.68e-01,8.20e+02,5.08e+02
2.03e+05,1.43e-01,1.50e-01,1.73e-01,3.68e-01,8.20e+02,5.07e+02
2.04e+05,1.52e-01,1.57e-01,1.73e-01,3.68e-01,8.20e+02,5.08e+02
2.04e+05,1.40e-01,1.47e-01,1.73e-01,3.68e-01,8.20e+02,5.07e+02
2.05e+05,1.55e-01,1.64e-01,1.73e-01,3.68e-01,8.20e+02,5.07e+02
2.05e+05,1.34e-01,1.46e-01,1.73e-01,3.68e-01,8.20e+02,5.06e+02
2.06e+05,1.47e-01,1.57e-01,1.73e-01,3.68e-01,8.20e+02,5.06e+02
2.06e+05,1.50e-01,1.59e-01,1.73e-01,3.68e-01,8.20e+02,5.08e+02
2.07e+05,1.49e-01,1.61e-01,1.73e-01,3.68e-01,8.20e+02,5.09e+02
2.07e+05,1.62e-01,1.69e-01,1.73e-01,3.68e-01,8.20e+02,5.09e+02
2.08e+05,1.45e-01,1.54e-01,1.73e-01,3.68e-01,8.20e+02,5.06e+02
2.08e+05,1.51e-01,1.61e-01,1.73e-01,3.68e-01,8.20e+02,5.08e+02
2.09e+05,1.51e-01,1.61e-01,1.73e-01,3.68e-01,8.20e+02,5.10e+02
2.09e+05,1.43e-01,1.55e-01,1.73e-01,3.68e-01,8.21e+02,5.10e+02
2.10e+05,1.47e-01,1.58e-01,1.73e-01,3.68e-01,8.22e+02,5.12e+02
2.10e+05,1.46e-01,1.55e-01,1.73e-01,3.68e-01,8.20e+02,5.10e+02
2.11e+05,1.47e-01,1.54e-01,1.73e-01,3.68e-01,8.21e+02,5.11e+02
2.11e+05,1.44e-01,1.56e-01,1.73e-01,3.68e-01,8.21e+02,5.13e+02
2.12e+05,1.56e-01,1.64e-01,1.73e-01,3.68e-01,8.21e+02,5.12e+02
2.12e+05,1.52e-01,1.63e-01,1.73e-01,3.68e-01,8.21e+02,5.12e+02
2.13e+05,1.65e-01,1.72e-01,1.73e-01,3.68e-01,8.26e+02,5.20e+02
2.14e+05,1.38e-01,1.46e-01,1.73e-01,3.68e-01,8.21e+02,5.13e+02
2.14e+05,1.45e-01,1.57e-01,1.73e-01,3.68e-01,8.21e+02,5.13e+02
2.15e+05,1.57e-01,1.65e-01,1.73e-01,3.68e-01,8.21e+02,5.13e+02
2.15e+05,1.52e-01,1.59e-01,1.73e-01,3.68e-01,8.21e+02,5.13e+02
2.16e+05,1.48e-01,1.59e-01,1.73e-01,3.68e-01,8.21e+02,5.13e+02
2.16e+05,1.57e-01,1.67e-01,1.73e-01,3.68e-01,8.21e+02,5.13e+02
2.17e+05,1.62e-01,1.69e-01,1.73e-01,3.68e-01,8.21e+02,5.15e+02
2.17e+05,1.46e-01,1.55e-01,1.73e-01,3.68e-01,8.21e+02,5.13e+02
2.18e+05,1.49e-01,1.60e-01,1.73e-01,3.68e-01,8.21e+02,5.14e+02
2.18e+05,1.40e-01,1.51e-01,1.73e-01,3.68e-01,8.21e+02,5.12e+02
2.19e+05,1.41e-01,1.52e-01,1.73e-01,3.68e-01,8.21e+02,5.12e+02
2.19e+05,1.44e-01,1.54e-01,1.73e-01,3.68e-01,8.21e+02,5.12e+02
2.20e+05,1.50e-01,1.58e-01,1.73e-01,3.68e-01,8.21e+02,5.13e+02
2.20e+05,1.56e-01,1.63e-01,1.73e-01,3.68e-01,8.21e+02,5.13e+02
2.21e+05,1.40e-01,1.49e-01,1.73e-01,3.68e-01,8.21e+02,5.13e+02
2.21e+05,1.40e-01,1.49e-01,1.73e-01,3.68e-01,8.21e+02,5.13e+02
2.22e+05,1.58e-01,1.64e-01,1.73e-01,3.68e-01,8.21e+02,5.13e+02
2.22e+05,1.48e-01,1.59e-01,1.73e-01,3.68e-01,8.22e+02,5.13e+02
2.23e+05,1.51e-01,1.61e-01,1.73e-01,3.68e-01,8.21e+02,5.14e+02
2.23e+05,1.70e-01,1.79e-01,1.79e-01,3.62e-01,8.21e+02,5.13e+02
2.24e+05,1.63e-01,1.71e-01,1.79e-01,3.62e-01,8.22e+02,5.14e+02
2.24e+05,1.56e-01,1.64e-01,1.79e-01,3.62e-01,8.21e+02,5.14e+02
2.25e+05,1.48e-01,1.56e-01,1.79e-01,3.62e-01,8.22e+02,5.14e+02
2.25e+05,1.43e-01,1.49e-01,1.79e-01,3.62e-01,8.22e+02,5.15e+02
2.26e+05,1.34e-01,1.43e-01,1.79e-01,3.62e-01,8.22e+02,5.15e+02
2.26e+05,1.40e-01,1.48e-01,1.79e-01,3.62e-01,8.21e+02,5.13e+02
2.27e+05,1.57e-01,1.75e-01,1.79e-01,3.62e-01,8.22e+02,5.13e+02
2.27e+05,1.46e-01,1.58e-01,1.79e-01,3.62e-01,8.22e+02,5.14e+02
2.28e+05,1.48e-01,1.58e-01,1.79e-01,3.62e-01,8.22e+02,5.17e+02
2.28e+05,1.46e-01,1.54e-01,1.79e-01,3.62e-01,8.22e+02,5.16e+02
2.29e+05,1.46e-01,1.60e-01,1.79e-01,3.62e-01,8.22e+02,5.14e+02
2.29e+05,1.52e-01,1.60e-01,1.79e-01,3.62e-01,8.22e+02,5.14e+02
2.30e+05,1.40e-01,1.53e-01,1.79e-01,3.62e-01,8.22e+02,5.14e+02
2.30e+05,1.42e-01,1.54e-01,1.79e-01,3.62e-01,8.22e+02,5.16e+02
2.31e+05,1.49e-01,1.59e-01,1.79e-01,3.62e-01,8.22e+02,5.15e+02
2.31e+05,1.38e-01,1.53e-01,1.79e-01,3.62e-01,8.22e+02,5.15e+02
2.32e+05,1.60e-01,1.77e-01,1.79e-01,3.62e-01,8.22e+02,5.17e+02
2.32e+05,1.37e-01,1.48e-01,1.79e-01,3.62e-01,8.22e+02,5.16e+02
2.33e+05,1.52e-01,1.65e-01,1.79e-01,3.62e-01,8.22e+02,5.15e+02
2.33e+05,1.50e-01,1.62e-01,1.79e-01,3.62e-01,8.22e+02,5.15e+02
2.34e+05,1.55e-01,1.63e-01,1.79e-01,3.62e-01,8.22e+02,5.14e+02
2.34e+05,1.53e-01,1.68e-01,1.79e-01,3.62e-01,8.22e+02,5.14e+02
2.35e+05,1.46e-01,1.55e-01,1.79e-01,3.62e-01,8.22e+02,5.16e+02
2.36e+05,1.47e-01,1.61e-01,1.79e-01,3.62e-01,8.22e+02,5.16e+02
2.36e+05,1.66e-01,1.75e-01,1.79e-01,3.62e-01,8.22e+02,5.14e+02
2.37e+05,1.55e-01,1.64e-01,1.79e-01,3.62e-01,8.23e+02,5.19e+02
2.37e+05,1.53e-01,1.64e-01,1.79e-01,3.62e-01,8.22e+02,5.13e+02
2.38e+05,1.58e-01,1.69e-01,1.79e-01,3.62e-01,8.22e+02,5.15e+02
2.38e+05,1.49e-01,1.62e-01,1.79e-01,3.62e-01,8.22e+02,5.15e+02
2.39e+05,1.51e-01,1.65e-01,1.79e-01,3.62e-01,8.22e+02,5.15e+02
2.39e+05,1.47e-01,1.56e-01,1.79e-01,3.62e-01,8.22e+02,5.17e+02
2.40e+05,1.35e-01,1.46e-01,1.79e-01,3.62e-01,8.22e+02,5.15e+02
2.40e+05,1.53e-01,1.61e-01,1.79e-01,3.62e-01,8.22e+02,5.16e+02
2.41e+05,1.49e-01,1.57e-01,1.79e-01,3.62e-01,8.22e+02,5.17e+02
2.41e+05,1.44e-01,1.59e-01,1.79e-01,3.62e-01,8.22e+02,5.15e+02
2.42e+05,1.53e-01,1.65e-01,1.79e-01,3.62e-01,8.22e+02,5.16e+02
2.42e+05,1.50e-01,1.58e-01,1.79e-01,3.62e-01,8.22e+02,5.17e+02
2.43e+05,1.41e-01,1.55e-01,1.79e-01,3.62e-01,8.22e+02,5.15e+02
2.43e+05,1.59e-01,1.69e-01,1.79e-01,3.62e-01,8.22e+02,5.15e+02
2.44e+05,1.50e-01,1.59e-01,1.79e-01,3.62e-01,8.22e+02,5.16e+02
2.44e+05,1.49e-01,1.59e-01,1.79e-01,3.62e-01,8.22e+02,5.14e+02
2.45e+05,1.54e-01,1.64e-01,1.79e-01,3.62e-01,8.22e+02,5.14e+02
2.45e+05,1.62e-01,1.71e-01,1.79e-01,3.62e-01,8.22e+02,5.14e+02
2.46e+05,1.46e-01,1.55e-01,1.79e-01,3.62e-01,8.22e+02,5.13e+02
2.46e+05,1.40e-01,1.50e-01,1.79e-01,3.62e-01,8.22e+02,5.14e+02
2.47e+05,1.54e-01,1.65e-01,1.79e-01,3.62e-01,8.23e+02,5.15e+02
2.47e+05,1.38e-01,1.50e-01,1.79e-01,3.62e-01,8.25e+02,5.22e+02
2.48e+05,1.48e-01,1.62e-01,1.79e-01,3.62e-01,8.23e+02,5.17e+02
2.48e+05,1.30e-01,1.42e-01,1.79e-01,3.62e-01,8.23e+02,5.16e+02
2.49e+05,1.53e-01,1.62e-01,1.79e-01,3.62e-01,8.25e+02,5.23e+02
2.49e+05,1.49e-01,1.61e-01,1.79e-01,3.62e-01,8.23e+02,5.15e+02
2.50e+05,1.58e-01,1.68e-01,1.79e-01,3.62e-01,8.24e+02,5.21e+02
2.50e+05,1.42e-01,1.55e-01,1.79e-01,3.62e-01,8.23e+02,5.15e+02
2.51e+05,1.53e-01,1.60e-01,1.79e-01,3.62e-01,8.24e+02,5.17e+02
2.51e+05,1.37e-01,1.47e-01,1.79e-01,3.62e-01,8.23e+02,5.15e+02
2.52e+05,1.51e-01,1.64e-01,1.79e-01,3.62e-01,8.23e+02,5.16e+02
2.52e+05,1.40e-01,1.49e-01,1.79e-01,3.62e-01,8.25e+02,5.23e+02
2.53e+05,1.59e-01,1.68e-01,1.79e-01,3.62e-01,8.24e+02,5.22e+02
2.53e+05,1.34e-01,1.43e-01,1.79e-01,3.62e-01,8.24e+02,5.19e+02
2.54e+05,1.38e-01,1.49e-01,1.79e-01,3.62e-01,8.24e+02,5.17e+02
2.54e+05,1.40e-01,1.51e-01,1.79e-01,3.62e-01,8.24e+02,5.18e+02
2.55e+05,1.42e-01,1.55e-01,1.79e-01,3.62e-01,8.25e+02,5.24e+02
2.55e+05,1.43e-01,1.54e-01,1.79e-01,3.62e-01,8.24e+02,5.21e+02
2.56e+05,1.51e-01,1.64e-01,1.79e-01,3.62e-01,8.24e+02,5.21e+02
2.57e+05,1.63e-01,1.74e-01,1.79e-01,3.62e-01,8.24e+02,5.21e+02
2.57e+05,1.64e-01,1.75e-01,1.79e-01,3.62e-01,8.24e+02,5.21e+02
2.58e+05,1.60e-01,1.69e-01,1.79e-01,3.62e-01,8.24e+02,5.21e+02
2.58e+05,1.54e-01,1.67e-01,1.79e-01,3.62e-01,8.24e+02,5.21e+02
2.59e+05,1.48e-01,1.57e-01,1.79e-01,3.62e-01,8.24e+02,5.21e+02
2.59e+05,1.53e-01,1.62e-01,1.79e-01,3.62e-01,8.25e+02,5.23e+02
2.60e+05,1.31e-01,1.42e-01,1.79e-01,3.62e-01,8.25e+02,5.23e+02
2.60e+05,1.62e-01,1.71e-01,1.79e-01,3.62e-01,8.25e+02,5.22e+02
2.61e+05,1.50e-01,1.68e-01,1.79e-01,3.62e-01,8.25e+02,5.22e+02
2.61e+05,1.40e-01,1.51e-01,1.79e-01,3.62e-01,8.24e+02,5.21e+02
2.62e+05,1.50e-01,1.64e-01,1.79e-01,3.62e-01,8.25e+02,5.20e+02
2.62e+05,1.63e-01,1.77e-01,1.79e-01,3.62e-01,8.25e+02,5.22e+02
2.63e+05,1.63e-01,1.77e-01,1.79e-01,3.62e-01,8.25e+02,5.22e+02
